21:31:00.818 [http-nio-8888-exec-6] INFO  c.c.d.c.Controller - Hello from Foo.
22:59:29.522 [RMI TCP Connection(35)-127.0.0.1] INFO  o.s.b.a.SpringApplicationAdminMXBeanRegistrar$SpringApplicationAdmin - Application shutdown requested.
22:59:29.526 [RMI TCP Connection(35)-127.0.0.1] INFO  o.s.s.c.ThreadPoolTaskExecutor - Shutting down ExecutorService 'applicationTaskExecutor'
23:06:35.203 [main] INFO  c.c.d.LogbackDemoApplication - Starting LogbackDemoApplication on dell with PID 22784 (C:\Users\nawaz\Desktop\WORKSPACE\Logback-Demo\bin\main started by nawaz in C:\Users\nawaz\Desktop\WORKSPACE\Logback-Demo)
23:06:35.219 [main] INFO  c.c.d.LogbackDemoApplication - No active profile set, falling back to default profiles: default
23:06:36.747 [main] INFO  o.s.b.w.e.t.TomcatWebServer - Tomcat initialized with port(s): 8888 (http)
23:06:36.773 [main] INFO  o.a.c.h.Http11NioProtocol - Initializing ProtocolHandler ["http-nio-8888"]
23:06:36.773 [main] INFO  o.a.c.c.StandardService - Starting service [Tomcat]
23:06:36.773 [main] INFO  o.a.c.c.StandardEngine - Starting Servlet Engine: Apache Tomcat/9.0.12
23:06:36.789 [main] INFO  o.a.c.c.AprLifecycleListener - The APR based Apache Tomcat Native library which allows optimal performance in production environments was not found on the java.library.path: [C:\Program Files\Java\jre1.8.0_181\bin;C:\Windows\Sun\Java\bin;C:\Windows\system32;C:\Windows;C:/Program Files/Java/jre1.8.0_181/bin/server;C:/Program Files/Java/jre1.8.0_181/bin;C:/Program Files/Java/jre1.8.0_181/lib/amd64;C:\Program Files (x86)\Common Files\Oracle\Java\javapath;C:\Windows\system32;C:\Windows;C:\Windows\System32\Wbem;C:\Windows\System32\WindowsPowerShell\v1.0\;C:\Program Files\Java\jdk1.8.0_181\bin;C:\Program Files\MongoDB\Server\4.0\bin;C:\Program Files\nodejs\;C:\Program Files (x86)\Brackets\command;C:\Program Files\spring-boot-cli;C:\Users\nawaz\AppData\Roaming\npm;D:\Software\sts-bundle\sts-3.9.6.RELEASE;;.]
23:06:36.945 [main] INFO  o.a.c.c.C.[.[.[/] - Initializing Spring embedded WebApplicationContext
23:06:36.945 [main] INFO  o.s.w.c.ContextLoader - Root WebApplicationContext: initialization completed in 1656 ms
23:06:36.977 [main] INFO  o.s.b.w.s.ServletRegistrationBean - Servlet dispatcherServlet mapped to [/]
23:06:36.992 [main] INFO  o.s.b.w.s.FilterRegistrationBean - Mapping filter: 'characterEncodingFilter' to: [/*]
23:06:36.992 [main] INFO  o.s.b.w.s.FilterRegistrationBean - Mapping filter: 'hiddenHttpMethodFilter' to: [/*]
23:06:36.992 [main] INFO  o.s.b.w.s.FilterRegistrationBean - Mapping filter: 'formContentFilter' to: [/*]
23:06:36.992 [main] INFO  o.s.b.w.s.FilterRegistrationBean - Mapping filter: 'requestContextFilter' to: [/*]
23:06:37.238 [main] INFO  o.s.s.c.ThreadPoolTaskExecutor - Initializing ExecutorService 'applicationTaskExecutor'
23:06:37.458 [main] INFO  o.a.c.h.Http11NioProtocol - Starting ProtocolHandler ["http-nio-8888"]
23:06:37.466 [main] INFO  o.a.t.u.n.NioSelectorPool - Using a shared selector for servlet write/read
23:06:37.497 [main] INFO  o.s.b.w.e.t.TomcatWebServer - Tomcat started on port(s): 8888 (http) with context path ''
23:06:37.497 [main] INFO  c.c.d.LogbackDemoApplication - Started LogbackDemoApplication in 2.862 seconds (JVM running for 4.655)
23:06:43.124 [RMI TCP Connection(6)-127.0.0.1] INFO  o.s.b.a.SpringApplicationAdminMXBeanRegistrar$SpringApplicationAdmin - Application shutdown requested.
23:06:43.139 [RMI TCP Connection(6)-127.0.0.1] INFO  o.s.s.c.ThreadPoolTaskExecutor - Shutting down ExecutorService 'applicationTaskExecutor'
23:10:34.055 [main] INFO  c.c.d.LogbackDemoApplication - Starting LogbackDemoApplication on dell with PID 18460 (C:\Users\nawaz\Desktop\WORKSPACE\Logback-Demo\bin\main started by nawaz in C:\Users\nawaz\Desktop\WORKSPACE\Logback-Demo)
23:10:34.071 [main] INFO  c.c.d.LogbackDemoApplication - No active profile set, falling back to default profiles: default
